{"/home/genyy/Project/Programming/nodeJS-Express-TS-tutorial/dist/MessageProvider.spec.js":{"path":"/home/genyy/Project/Programming/nodeJS-Express-TS-tutorial/dist/MessageProvider.spec.js","s":{"1":1,"2":1,"3":1,"4":1,"5":1,"6":1,"7":1,"8":1,"9":1,"10":1,"11":1},"b":{},"f":{},"fnMap":{},"statementMap":{"1":{"start":{"line":2,"column":0},"end":{"line":2,"column":62}},"2":{"start":{"line":3,"column":0},"end":{"line":3,"column":31}},"3":{"start":{"line":4,"column":0},"end":{"line":4,"column":17}},"4":{"start":{"line":5,"column":0},"end":{"line":5,"column":55}},"5":{"start":{"line":6,"column":0},"end":{"line":18,"column":3}},"6":{"start":{"line":7,"column":4},"end":{"line":10,"column":7}},"7":{"start":{"line":8,"column":8},"end":{"line":9,"column":41}},"8":{"start":{"line":11,"column":4},"end":{"line":17,"column":7}},"9":{"start":{"line":12,"column":8},"end":{"line":12,"column":71}},"10":{"start":{"line":13,"column":8},"end":{"line":14,"column":41}},"11":{"start":{"line":15,"column":8},"end":{"line":16,"column":41}}},"branchMap":{}},"/home/genyy/Project/Programming/nodeJS-Express-TS-tutorial/dist/MessageProvider.js":{"path":"/home/genyy/Project/Programming/nodeJS-Express-TS-tutorial/dist/MessageProvider.js","s":{"1":1,"2":3,"3":1},"b":{},"f":{"1":3},"fnMap":{"1":{"name":"(anonymous_1)","line":4,"loc":{"start":{"line":4,"column":11},"end":{"line":4,"column":14}}}},"statementMap":{"1":{"start":{"line":2,"column":0},"end":{"line":2,"column":62}},"2":{"start":{"line":5,"column":8},"end":{"line":5,"column":30}},"3":{"start":{"line":8,"column":0},"end":{"line":8,"column":42}}},"branchMap":{}}}